<?xml version="1.0" encoding="UTF-8"?>
<!-- Generated by org.testng.reporters.JUnitReportReporter -->
<testsuite hostname="DESKTOP-70HLPGV" failures="0" tests="1" name="rmg.project.CreateProject" time="3.129" errors="0" timestamp="29 Jul 2021 13:08:03 GMT" skipped="0">
  <testcase classname="rmg.project.CreateProject" name="testCreate" time="3.129"/>
</testsuite> <!-- rmg.project.CreateProject -->
