<?xml version="1.0" encoding="UTF-8"?>
<!-- Generated by org.testng.reporters.JUnitReportReporter -->
<testsuite hostname="DESKTOP-70HLPGV" failures="0" tests="4" name="com.comcast.create.CreateMultipleProjectUsingDataProvider" time="8.769" errors="0" timestamp="30 Jul 2021 11:19:11 GMT" skipped="0">
  <testcase classname="com.comcast.create.CreateMultipleProjectUsingDataProvider" name="createmultipleProject" time="0.108"/>
  <testcase classname="com.comcast.create.CreateMultipleProjectUsingDataProvider" name="createmultipleProject" time="0.166"/>
  <testcase classname="com.comcast.create.CreateMultipleProjectUsingDataProvider" name="createmultipleProject" time="0.189"/>
  <testcase classname="com.comcast.create.CreateMultipleProjectUsingDataProvider" name="createmultipleProject" time="8.306"/>
</testsuite> <!-- com.comcast.create.CreateMultipleProjectUsingDataProvider -->
