<?xml version="1.0" encoding="UTF-8"?>
<!-- Generated by org.testng.reporters.JUnitReportReporter -->
<testsuite hostname="DESKTOP-70HLPGV" failures="0" tests="1" name="rmg.project.CreateprojectUsingJsonFile" time="8.085" errors="0" timestamp="30 Jul 2021 07:10:01 GMT" skipped="0">
  <testcase classname="rmg.project.CreateprojectUsingJsonFile" name="testcreatProject" time="8.085"/>
</testsuite> <!-- rmg.project.CreateprojectUsingJsonFile -->
