<?xml version="1.0" encoding="UTF-8"?>
<!-- Generated by org.testng.reporters.JUnitReportReporter -->
<testsuite hostname="DESKTOP-70HLPGV" failures="0" tests="1" name="rmg.project.CreateProject_Using_HashMap" time="3.930" errors="0" timestamp="30 Jul 2021 06:45:53 GMT" skipped="0">
  <testcase classname="rmg.project.CreateProject_Using_HashMap" name="testcreatehash" time="3.930"/>
</testsuite> <!-- rmg.project.CreateProject_Using_HashMap -->
