<?xml version="1.0" encoding="UTF-8"?>
<!-- Generated by org.testng.reporters.JUnitReportReporter -->
<testsuite hostname="DESKTOP-70HLPGV" failures="0" tests="1" name="com.comcast.create.VerifyStaticResponse" time="4.063" errors="0" timestamp="2021-08-02T13:02:33 IST" skipped="0">
  <testcase classname="com.comcast.create.VerifyStaticResponse" name="testStaticeresponse" time="4.063"/>
  <system-out/>
</testsuite> <!-- com.comcast.create.VerifyStaticResponse -->
