<?xml version="1.0" encoding="UTF-8"?>
<!-- Generated by org.testng.reporters.JUnitReportReporter -->
<testsuite hostname="DESKTOP-70HLPGV" failures="0" tests="1" name="com.practice.ChangeProject" time="0.016" errors="0" timestamp="29 Jul 2021 11:22:45 GMT" skipped="0">
  <testcase classname="com.practice.ChangeProject" name="changPro" time="0.016"/>
</testsuite> <!-- com.practice.ChangeProject -->
