<?xml version="1.0" encoding="UTF-8"?>
<!-- Generated by org.testng.reporters.JUnitReportReporter -->
<testsuite hostname="DESKTOP-70HLPGV" failures="0" tests="1" name="com.comcast.create.BearerTokenAuthentication" time="4.997" errors="0" timestamp="31 Jul 2021 09:58:30 GMT" skipped="0">
  <testcase classname="com.comcast.create.BearerTokenAuthentication" name="testBearertoken" time="4.997"/>
</testsuite> <!-- com.comcast.create.BearerTokenAuthentication -->
