<?xml version="1.0" encoding="UTF-8"?>
<!-- Generated by org.testng.reporters.JUnitReportReporter -->
<testsuite hostname="DESKTOP-70HLPGV" failures="0" tests="1" name="rmg.project.ChangeProject" time="9.087" errors="0" timestamp="29 Jul 2021 16:34:45 GMT" skipped="0">
  <testcase classname="rmg.project.ChangeProject" name="testchanges" time="9.087"/>
</testsuite> <!-- rmg.project.ChangeProject -->
