<?xml version="1.0" encoding="UTF-8"?>
<!-- Generated by org.testng.reporters.JUnitReportReporter -->
<testsuite hostname="DESKTOP-70HLPGV" failures="0" tests="1" name="com.practice.Deleteproject" time="4.019" errors="0" timestamp="29 Jul 2021 10:51:32 GMT" skipped="0">
  <testcase classname="com.practice.Deleteproject" name="deleteProject" time="4.019"/>
</testsuite> <!-- com.practice.Deleteproject -->
