<?xml version="1.0" encoding="UTF-8"?>
<!-- Generated by org.testng.reporters.JUnitReportReporter -->
<testsuite hostname="DESKTOP-70HLPGV" failures="0" tests="1" name="com.comcast.parameterAuthentication.Queryparameter" time="3.531" errors="0" timestamp="31 Jul 2021 07:16:18 GMT" skipped="0">
  <testcase classname="com.comcast.parameterAuthentication.Queryparameter" name="verifyQueryParaMeter" time="3.531"/>
</testsuite> <!-- com.comcast.parameterAuthentication.Queryparameter -->
