<?xml version="1.0" encoding="UTF-8"?>
<!-- Generated by org.testng.reporters.JUnitReportReporter -->
<testsuite hostname="DESKTOP-70HLPGV" failures="0" tests="1" name="com.comcast.parameterAuthentication.PathParameter" time="3.552" errors="0" timestamp="31 Jul 2021 12:17:25 GMT" skipped="0">
  <testcase classname="com.comcast.parameterAuthentication.PathParameter" name="verifyPathParameter" time="3.552"/>
</testsuite> <!-- com.comcast.parameterAuthentication.PathParameter -->
