<?xml version="1.0" encoding="UTF-8"?>
<!-- Generated by org.testng.reporters.JUnitReportReporter -->
<testsuite hostname="DESKTOP-70HLPGV" failures="0" tests="1" name="rmg.project.GetProject1" time="3.220" errors="0" timestamp="29 Jul 2021 12:53:43 GMT" skipped="0">
  <testcase classname="rmg.project.GetProject1" name="testProject" time="3.220"/>
</testsuite> <!-- rmg.project.GetProject1 -->
