<?xml version="1.0" encoding="UTF-8"?>
<!-- Generated by org.testng.reporters.JUnitReportReporter -->
<testsuite hostname="DESKTOP-70HLPGV" failures="0" tests="1" name="com.practice.GetPostProject" time="3.972" errors="0" timestamp="2021-07-31T19:15:39 IST" skipped="0">
  <testcase classname="com.practice.GetPostProject" name="project" time="3.972"/>
  <system-out/>
</testsuite> <!-- com.practice.GetPostProject -->
