<?xml version="1.0" encoding="UTF-8"?>
<!-- Generated by org.testng.reporters.JUnitReportReporter -->
<testsuite hostname="DESKTOP-70HLPGV" failures="0" tests="1" name="com.comcast.parameterAuthentication.RequestchainingPostGetPutdelete" time="9.403" errors="0" timestamp="2021-08-01T23:30:12 IST" skipped="0">
  <testcase classname="com.comcast.parameterAuthentication.RequestchainingPostGetPutdelete" name="testRequestChaining" time="9.403"/>
  <system-out/>
</testsuite> <!-- com.comcast.parameterAuthentication.RequestchainingPostGetPutdelete -->
