<?xml version="1.0" encoding="UTF-8"?>
<!-- Generated by org.testng.reporters.JUnitReportReporter -->
<testsuite hostname="DESKTOP-70HLPGV" failures="0" tests="1" name="com.comcast.create.CreateProjectWithCreatestatusandValidatedatainDbTest" time="4.998" errors="0" timestamp="2021-08-03T12:25:43 IST" skipped="0">
  <testcase classname="com.comcast.create.CreateProjectWithCreatestatusandValidatedatainDbTest" name="createProjectWithCreatestatusandValidatedatainDbTest" time="4.998"/>
  <system-out/>
</testsuite> <!-- com.comcast.create.CreateProjectWithCreatestatusandValidatedatainDbTest -->
