<?xml version="1.0" encoding="UTF-8"?>
<!-- Generated by org.testng.reporters.JUnitReportReporter -->
<testsuite hostname="DESKTOP-70HLPGV" failures="0" tests="1" name="com.comcast.create.BasicAuthentication" time="17.994" errors="0" timestamp="31 Jul 2021 09:27:53 GMT" skipped="0">
  <testcase classname="com.comcast.create.BasicAuthentication" name="teseBascicAuthentication" time="17.994"/>
</testsuite> <!-- com.comcast.create.BasicAuthentication -->
