<?xml version="1.0" encoding="UTF-8"?>
<!-- Generated by org.testng.reporters.JUnitReportReporter -->
<testsuite hostname="DESKTOP-70HLPGV" failures="0" tests="1" name="com.practice.CreateProject" time="5.063" errors="0" timestamp="29 Jul 2021 11:08:27 GMT" skipped="0">
  <testcase classname="com.practice.CreateProject" name="create" time="5.063"/>
</testsuite> <!-- com.practice.CreateProject -->
