<?xml version="1.0" encoding="UTF-8"?>
<!-- Generated by org.testng.reporters.JUnitReportReporter -->
<testsuite hostname="DESKTOP-70HLPGV" failures="0" tests="1" name="com.comcast.parameterAuthentication.RequestchainingPostAndDelete" time="5.502" errors="0" timestamp="2021-07-31T19:33:51 IST" skipped="0">
  <testcase classname="com.comcast.parameterAuthentication.RequestchainingPostAndDelete" name="verifyrequestChaining" time="5.502"/>
  <system-out/>
</testsuite> <!-- com.comcast.parameterAuthentication.RequestchainingPostAndDelete -->
