<?xml version="1.0" encoding="UTF-8"?>
<!-- Generated by org.testng.reporters.JUnitReportReporter -->
<testsuite hostname="DESKTOP-70HLPGV" failures="0" tests="1" name="rmg.project.DeleteProject" time="2.537" errors="0" timestamp="29 Jul 2021 13:02:11 GMT" skipped="0">
  <testcase classname="rmg.project.DeleteProject" name="testDelete" time="2.537"/>
</testsuite> <!-- rmg.project.DeleteProject -->
