<?xml version="1.0" encoding="UTF-8"?>
<!-- Generated by org.testng.reporters.JUnitReportReporter -->
<testsuite hostname="DESKTOP-70HLPGV" failures="0" tests="1" name="com.comcast.parameterAuthentication.RequestChain" time="6.679" errors="0" timestamp="31 Jul 2021 07:40:07 GMT" skipped="0">
  <testcase classname="com.comcast.parameterAuthentication.RequestChain" name="testRequestChaining" time="6.679"/>
</testsuite> <!-- com.comcast.parameterAuthentication.RequestChain -->
