<?xml version="1.0" encoding="UTF-8"?>
<!-- Generated by org.testng.reporters.JUnitReportReporter -->
<testsuite hostname="DESKTOP-70HLPGV" failures="0" tests="1" name="com.comcast.parameterAuthentication.reqww" time="3.265" errors="0" timestamp="2021-07-31T19:16:33 IST" skipped="0">
  <testcase classname="com.comcast.parameterAuthentication.reqww" name="reee" time="3.265"/>
  <system-out/>
</testsuite> <!-- com.comcast.parameterAuthentication.reqww -->
