<?xml version="1.0" encoding="UTF-8"?>
<!-- Generated by org.testng.reporters.JUnitReportReporter -->
<testsuite hostname="DESKTOP-70HLPGV" failures="0" tests="1" name="com.comcast.create.CreateProjectusingPOJO" time="5.296" errors="0" timestamp="30 Jul 2021 10:07:52 GMT" skipped="0">
  <testcase classname="com.comcast.create.CreateProjectusingPOJO" name="createUsingPOJO" time="5.296"/>
</testsuite> <!-- com.comcast.create.CreateProjectusingPOJO -->
