<?xml version="1.0" encoding="UTF-8"?>
<!-- Generated by org.testng.reporters.JUnitReportReporter -->
<testsuite hostname="DESKTOP-70HLPGV" failures="0" tests="1" name="rmg.project.ChangeResource" time="4.362" errors="0" timestamp="30 Jul 2021 07:24:26 GMT" skipped="0">
  <testcase classname="rmg.project.ChangeResource" name="testChangeResource" time="4.362"/>
</testsuite> <!-- rmg.project.ChangeResource -->
