<?xml version="1.0" encoding="UTF-8"?>
<!-- Generated by org.testng.reporters.JUnitReportReporter -->
<testsuite hostname="DESKTOP-70HLPGV" failures="0" tests="1" name="com.comcast.create.VerifydynamicResponse" time="3.729" errors="0" timestamp="31 Jul 2021 05:36:35 GMT" skipped="0">
  <testcase classname="com.comcast.create.VerifydynamicResponse" name="verifyDynamicResponse" time="3.729"/>
</testsuite> <!-- com.comcast.create.VerifydynamicResponse -->
