<?xml version="1.0" encoding="UTF-8"?>
<!-- Generated by org.testng.reporters.JUnitReportReporter -->
<testsuite hostname="DESKTOP-70HLPGV" failures="0" tests="1" name="com.comcast.create.Oauth2" time="5.689" errors="0" timestamp="31 Jul 2021 11:02:44 GMT" skipped="0">
  <testcase classname="com.comcast.create.Oauth2" name="testOuath2" time="5.689"/>
</testsuite> <!-- com.comcast.create.Oauth2 -->
